2026-05-30 04:41:30,292 WARNING agent.auxiliary_client: Auxiliary Nous client unavailable: no Nous authentication found (run: hermes auth).
2026-05-30 04:41:30,293 WARNING agent.auxiliary_client: Auxiliary: marking nous unhealthy for 60s (payment / credit error). Subsequent auxiliary calls will skip it until 04:42:30.
2026-05-30 04:41:30,306 WARNING agent.auxiliary_client: Auxiliary Nous client unavailable: no Nous authentication found (run: hermes auth).
2026-05-30 04:41:30,306 WARNING agent.auxiliary_client: Auxiliary: marking nous unhealthy for 60s (payment / credit error). Subsequent auxiliary calls will skip it until 04:42:30.
2026-05-30 04:41:30,383 WARNING agent.auxiliary_client: Auxiliary Nous client unavailable: no Nous authentication found (run: hermes auth).
2026-05-30 04:41:30,383 WARNING agent.auxiliary_client: Auxiliary: marking nous unhealthy for 60s (payment / credit error). Subsequent auxiliary calls will skip it until 04:42:30.
2026-05-30 04:41:30,397 WARNING agent.auxiliary_client: Auxiliary Nous client unavailable: no Nous authentication found (run: hermes auth).
2026-05-30 04:41:30,397 WARNING agent.auxiliary_client: Auxiliary: marking nous unhealthy for 60s (payment / credit error). Subsequent auxiliary calls will skip it until 04:42:30.
2026-05-30 04:41:30,585 WARNING agent.auxiliary_client: Auxiliary Nous client unavailable: no Nous authentication found (run: hermes auth).
2026-05-30 04:41:30,585 WARNING agent.auxiliary_client: Auxiliary: marking nous unhealthy for 60s (payment / credit error). Subsequent auxiliary calls will skip it until 04:42:30.
2026-05-30 04:41:30,600 WARNING agent.auxiliary_client: Auxiliary Nous client unavailable: no Nous authentication found (run: hermes auth).
2026-05-30 04:41:30,601 WARNING agent.auxiliary_client: Auxiliary: marking nous unhealthy for 60s (payment / credit error). Subsequent auxiliary calls will skip it until 04:42:30.
2026-05-30 04:41:30,615 WARNING agent.auxiliary_client: Auxiliary Nous client unavailable: no Nous authentication found (run: hermes auth).
2026-05-30 04:41:30,615 WARNING agent.auxiliary_client: Auxiliary: marking nous unhealthy for 60s (payment / credit error). Subsequent auxiliary calls will skip it until 04:42:30.
2026-05-30 04:41:30,628 WARNING agent.auxiliary_client: Auxiliary Nous client unavailable: no Nous authentication found (run: hermes auth).
2026-05-30 04:41:30,628 WARNING agent.auxiliary_client: Auxiliary: marking nous unhealthy for 60s (payment / credit error). Subsequent auxiliary calls will skip it until 04:42:30.
2026-05-30 04:41:31,351 WARNING agent.auxiliary_client: Auxiliary Nous client unavailable: no Nous authentication found (run: hermes auth).
2026-05-30 04:41:31,351 WARNING agent.auxiliary_client: Auxiliary: marking nous unhealthy for 60s (payment / credit error). Subsequent auxiliary calls will skip it until 04:42:31.
2026-05-30 04:41:31,365 WARNING agent.auxiliary_client: Auxiliary Nous client unavailable: no Nous authentication found (run: hermes auth).
2026-05-30 04:41:31,366 WARNING agent.auxiliary_client: Auxiliary: marking nous unhealthy for 60s (payment / credit error). Subsequent auxiliary calls will skip it until 04:42:31.
2026-05-30 04:41:31,382 WARNING agent.auxiliary_client: Auxiliary Nous client unavailable: no Nous authentication found (run: hermes auth).
2026-05-30 04:41:31,383 WARNING agent.auxiliary_client: Auxiliary: marking nous unhealthy for 60s (payment / credit error). Subsequent auxiliary calls will skip it until 04:42:31.
2026-05-30 04:41:31,397 WARNING agent.auxiliary_client: Auxiliary Nous client unavailable: no Nous authentication found (run: hermes auth).
2026-05-30 04:41:31,398 WARNING agent.auxiliary_client: Auxiliary: marking nous unhealthy for 60s (payment / credit error). Subsequent auxiliary calls will skip it until 04:42:31.
2026-05-30 05:30:59,254 WARNING agent.auxiliary_client: Auxiliary Nous client unavailable: no Nous authentication found (run: hermes auth).
2026-05-30 05:30:59,255 WARNING agent.auxiliary_client: Auxiliary: marking nous unhealthy for 60s (payment / credit error). Subsequent auxiliary calls will skip it until 05:31:59.
2026-05-30 05:30:59,268 WARNING agent.auxiliary_client: Auxiliary Nous client unavailable: no Nous authentication found (run: hermes auth).
2026-05-30 05:30:59,268 WARNING agent.auxiliary_client: Auxiliary: marking nous unhealthy for 60s (payment / credit error). Subsequent auxiliary calls will skip it until 05:31:59.
2026-05-30 05:30:59,356 WARNING agent.auxiliary_client: Auxiliary Nous client unavailable: no Nous authentication found (run: hermes auth).
2026-05-30 05:30:59,356 WARNING agent.auxiliary_client: Auxiliary: marking nous unhealthy for 60s (payment / credit error). Subsequent auxiliary calls will skip it until 05:31:59.
2026-05-30 05:30:59,371 WARNING agent.auxiliary_client: Auxiliary Nous client unavailable: no Nous authentication found (run: hermes auth).
2026-05-30 05:30:59,371 WARNING agent.auxiliary_client: Auxiliary: marking nous unhealthy for 60s (payment / credit error). Subsequent auxiliary calls will skip it until 05:31:59.
2026-05-30 05:30:59,604 WARNING agent.auxiliary_client: Auxiliary Nous client unavailable: no Nous authentication found (run: hermes auth).
2026-05-30 05:30:59,604 WARNING agent.auxiliary_client: Auxiliary: marking nous unhealthy for 60s (payment / credit error). Subsequent auxiliary calls will skip it until 05:31:59.
2026-05-30 05:30:59,617 WARNING agent.auxiliary_client: Auxiliary Nous client unavailable: no Nous authentication found (run: hermes auth).
2026-05-30 05:30:59,618 WARNING agent.auxiliary_client: Auxiliary: marking nous unhealthy for 60s (payment / credit error). Subsequent auxiliary calls will skip it until 05:31:59.
2026-05-30 05:30:59,630 WARNING agent.auxiliary_client: Auxiliary Nous client unavailable: no Nous authentication found (run: hermes auth).
2026-05-30 05:30:59,631 WARNING agent.auxiliary_client: Auxiliary: marking nous unhealthy for 60s (payment / credit error). Subsequent auxiliary calls will skip it until 05:31:59.
2026-05-30 05:30:59,648 WARNING agent.auxiliary_client: Auxiliary Nous client unavailable: no Nous authentication found (run: hermes auth).
2026-05-30 05:30:59,649 WARNING agent.auxiliary_client: Auxiliary: marking nous unhealthy for 60s (payment / credit error). Subsequent auxiliary calls will skip it until 05:31:59.
2026-05-30 05:30:59,962 WARNING agent.auxiliary_client: Auxiliary Nous client unavailable: no Nous authentication found (run: hermes auth).
2026-05-30 05:30:59,962 WARNING agent.auxiliary_client: Auxiliary: marking nous unhealthy for 60s (payment / credit error). Subsequent auxiliary calls will skip it until 05:31:59.
2026-05-30 05:30:59,975 WARNING agent.auxiliary_client: Auxiliary Nous client unavailable: no Nous authentication found (run: hermes auth).
2026-05-30 05:30:59,976 WARNING agent.auxiliary_client: Auxiliary: marking nous unhealthy for 60s (payment / credit error). Subsequent auxiliary calls will skip it until 05:31:59.
2026-05-30 05:30:59,990 WARNING agent.auxiliary_client: Auxiliary Nous client unavailable: no Nous authentication found (run: hermes auth).
2026-05-30 05:30:59,990 WARNING agent.auxiliary_client: Auxiliary: marking nous unhealthy for 60s (payment / credit error). Subsequent auxiliary calls will skip it until 05:31:59.
2026-05-30 05:31:00,004 WARNING agent.auxiliary_client: Auxiliary Nous client unavailable: no Nous authentication found (run: hermes auth).
2026-05-30 05:31:00,004 WARNING agent.auxiliary_client: Auxiliary: marking nous unhealthy for 60s (payment / credit error). Subsequent auxiliary calls will skip it until 05:32:00.
2026-05-30 05:31:16,445 ERROR asyncio: Unclosed client session
client_session: <aiohttp.client.ClientSession object at 0x0000021E7C2B6C10>
2026-05-30 05:31:16,445 ERROR asyncio: Unclosed connector
connections: ['deque([(<aiohttp.client_proto.ResponseHandler object at 0x0000021E7C1A2D60>, 226372.453)])']
connector: <aiohttp.connector.TCPConnector object at 0x0000021E7C2B6D10>
